  Moc'ing LIBPRO.h...
  Uic'ing LIBPRO.ui...
  Moc'ing Administrator.h...
  Moc'ing Librarian.h...
  Rcc'ing LIBPRO.qrc...
  Uic'ing Librarian.ui...
  Uic'ing Administrator.ui...
  Moc'ing Role.h...
  Moc'ing Reader.h...
  Moc'ing bookData.h...
  C:\Users\USER\Desktop\DevilTitan-LIBPRO-64 (1)\DevilTitan-LIBPRO-64\DevilTitan-LIBPRO-64\bookData.h(27): Note: No relevant classes found. No output generated.
  Moc'ing DataProcessingTechnician.h...
  Uic'ing bookData.ui...
  Uic'ing DataProcessingTechnician.ui...
  Uic'ing Reader.ui...
  Administrator.cpp
  bookData.cpp
  DataProcessingTechnician.cpp
  moc_Administrator.cpp
  moc_bookData.cpp
  moc_DataProcessingTechnician.cpp
  moc_LIBPRO.cpp
  moc_Librarian.cpp
  moc_Reader.cpp
  moc_Role.cpp
  LIBPRO.cpp
  Librarian.cpp
  main.cpp
  Reader.cpp
  Role.cpp
  Generating Code...
  qrc_LIBPRO.cpp
  DevilTitan-LIBPRO-64.vcxproj -> C:\Users\USER\Desktop\DevilTitan-LIBPRO-64 (1)\DevilTitan-LIBPRO-64\x64\Debug\DevilTitan-LIBPRO-64.exe
  DevilTitan-LIBPRO-64.vcxproj -> C:\Users\USER\Desktop\DevilTitan-LIBPRO-64 (1)\DevilTitan-LIBPRO-64\x64\Debug\DevilTitan-LIBPRO-64.pdb (Full PDB)
